/Library/Java/JavaVirtualMachines/jdk1.8.0_131.jdk/Contents/Home/bin/java  -Xms512m -Xmx512m -Xmn256m -Dnacos.standalone=true -Djava.ext.dirs=/Library/Java/JavaVirtualMachines/jdk1.8.0_131.jdk/Contents/Home/jre/lib/ext:/Library/Java/JavaVirtualMachines/jdk1.8.0_131.jdk/Contents/Home/lib/ext -Xloggc:/Users/shiwanpeng/Documents/GitHub/SpringCloud-Leaning/nacos-server/logs/nacos_gc.log -verbose:gc -XX:+PrintGCDetails -XX:+PrintGCDateStamps -XX:+PrintGCTimeStamps -XX:+UseGCLogFileRotation -XX:NumberOfGCLogFiles=10 -XX:GCLogFileSize=100M -Dloader.path=/Users/shiwanpeng/Documents/GitHub/SpringCloud-Leaning/nacos-server/plugins/health,/Users/shiwanpeng/Documents/GitHub/SpringCloud-Leaning/nacos-server/plugins/cmdb,/Users/shiwanpeng/Documents/GitHub/SpringCloud-Leaning/nacos-server/plugins/mysql -Xdebug -Xrunjdwp:transport=dt_socket,server=y,suspend=n,address=8000 -Dnacos.home=/Users/shiwanpeng/Documents/GitHub/SpringCloud-Leaning/nacos-server -jar /Users/shiwanpeng/Documents/GitHub/SpringCloud-Leaning/nacos-server/target/nacos-server.jar  --spring.config.location=classpath:/,classpath:/config/,file:./,file:./config/,file:/Users/shiwanpeng/Documents/GitHub/SpringCloud-Leaning/nacos-server/conf/ --logging.config=/Users/shiwanpeng/Documents/GitHub/SpringCloud-Leaning/nacos-server/conf/nacos-logback.xml --server.max-http-header-size=524288
Listening for transport dt_socket at address: 8000

         ,--.
       ,--.'|
   ,--,:  : |                                           Nacos 1.2.0-SNAPSHOT
,`--.'`|  ' :                       ,---.               Running in stand alone mode, All function modules
|   :  :  | |                      '   ,'\   .--.--.    Port: 8848
:   |   \ | :  ,--.--.     ,---.  /   /   | /  /    '   Pid: 604
|   : '  '; | /       \   /     \.   ; ,. :|  :  /`./   Console: http://192.168.0.106:8848/nacos/index.html
'   ' ;.    ;.--.  .-. | /    / ''   | |: :|  :  ;_
|   | | \   | \__\/: . ..    ' / '   | .; : \  \    `.      https://nacos.io
'   : |  ; .' ," .--.; |'   ; :__|   :    |  `----.   \
|   | '`--'  /  /  ,.  |'   | '.'|\   \  /  /  /`--'  /
'   : |     ;  :   .'   \   :    : `----'  '--'.     /
;   |.'     |  ,     .-./\   \  /            `--'---'
'---'        `--`---'     `----'

2020-03-09 18:58:12,515 INFO Bean 'org.springframework.security.config.annotation.configuration.ObjectPostProcessorConfiguration' of type [org.springframework.security.config.annotation.configuration.ObjectPostProcessorConfiguration$$EnhancerBySpringCGLIB$$b5d630bd] is not eligible for getting processed by all BeanPostProcessors (for example: not eligible for auto-proxying)

2020-03-09 18:58:12,639 INFO Bean 'objectPostProcessor' of type [org.springframework.security.config.annotation.configuration.AutowireBeanFactoryObjectPostProcessor] is not eligible for getting processed by all BeanPostProcessors (for example: not eligible for auto-proxying)

2020-03-09 18:58:12,642 INFO Bean 'org.springframework.security.access.expression.method.DefaultMethodSecurityExpressionHandler@57f791c6' of type [org.springframework.security.access.expression.method.DefaultMethodSecurityExpressionHandler] is not eligible for getting processed by all BeanPostProcessors (for example: not eligible for auto-proxying)

2020-03-09 18:58:12,645 INFO Bean 'org.springframework.security.config.annotation.method.configuration.GlobalMethodSecurityConfiguration' of type [org.springframework.security.config.annotation.method.configuration.GlobalMethodSecurityConfiguration$$EnhancerBySpringCGLIB$$daaad36f] is not eligible for getting processed by all BeanPostProcessors (for example: not eligible for auto-proxying)

2020-03-09 18:58:12,651 INFO Bean 'methodSecurityMetadataSource' of type [org.springframework.security.access.method.DelegatingMethodSecurityMetadataSource] is not eligible for getting processed by all BeanPostProcessors (for example: not eligible for auto-proxying)

2020-03-09 18:58:13,331 INFO Tomcat initialized with port(s): 8848 (http)

2020-03-09 18:58:13,503 INFO Root WebApplicationContext: initialization completed in 3448 ms

2020-03-09 18:58:17,282 INFO Initializing ExecutorService 'applicationTaskExecutor'

2020-03-09 18:58:17,503 INFO Adding welcome page: class path resource [static/index.html]

2020-03-09 18:58:17,905 INFO Creating filter chain: Ant [pattern='/**'], []

2020-03-09 18:58:17,958 INFO Creating filter chain: any request, [org.springframework.security.web.context.request.async.WebAsyncManagerIntegrationFilter@20a7953c, org.springframework.security.web.context.SecurityContextPersistenceFilter@2ae62bb6, org.springframework.security.web.header.HeaderWriterFilter@6ca372ef, org.springframework.security.web.csrf.CsrfFilter@204abeff, org.springframework.security.web.authentication.logout.LogoutFilter@48e8c32a, org.springframework.security.web.savedrequest.RequestCacheAwareFilter@167381c7, org.springframework.security.web.servletapi.SecurityContextHolderAwareRequestFilter@53ed80d3, org.springframework.security.web.authentication.AnonymousAuthenticationFilter@57c00115, org.springframework.security.web.session.SessionManagementFilter@44af588b, org.springframework.security.web.access.ExceptionTranslationFilter@3a8d467e]

2020-03-09 18:58:18,073 INFO Exposing 2 endpoint(s) beneath base path '/actuator'

2020-03-09 18:58:18,107 INFO Initializing ExecutorService 'taskScheduler'

2020-03-09 18:58:18,232 INFO Tomcat started on port(s): 8848 (http) with context path '/nacos'

2020-03-09 18:58:18,239 INFO Nacos Log files: /Users/shiwanpeng/Documents/GitHub/SpringCloud-Leaning/nacos-server/logs/

2020-03-09 18:58:18,239 INFO Nacos Log files: /Users/shiwanpeng/Documents/GitHub/SpringCloud-Leaning/nacos-server/conf/

2020-03-09 18:58:18,239 INFO Nacos Log files: /Users/shiwanpeng/Documents/GitHub/SpringCloud-Leaning/nacos-server/data/

2020-03-09 18:58:18,239 INFO Nacos started successfully in stand alone mode.

2020-03-09 18:58:18,396 INFO Initializing Servlet 'dispatcherServlet'

2020-03-09 18:58:18,408 INFO Completed initialization in 12 ms

